生成启动时间为 2015/5/18 17:06:54。
     1>项目“D:\Documents\Visual Studio 2010\Projects\opencv2\opencv2\opencv2.vcxproj”在节点 2 上(build 个目标)。
     1>InitializeBuildStatus:
         正在对“Debug\opencv2.unsuccessfulbuild”执行 Touch 任务。
       ClCompile:
         C:\Program Files\Microsoft Visual Studio 10.0\VC\bin\CL.exe /c /ZI /nologo /W3 /WX- /Od /Oy- /D WIN32 /D _DEBUG /D _CONSOLE /D _UNICODE /D UNICODE /Gm /EHsc /RTC1 /MDd /GS /fp:precise /Zc:wchar_t /Zc:forScope /Fo"Debug\\" /Fd"Debug\vc100.pdb" /Gd /TP /analyze- /errorReport:prompt opencv2.cpp
         opencv2.cpp
     1>d:\documents\visual studio 2010\projects\opencv2\opencv2\opencv2.cpp(11): error C2065: “constchar”: 未声明的标识符
     1>d:\documents\visual studio 2010\projects\opencv2\opencv2\opencv2.cpp(11): error C2065: “imagename”: 未声明的标识符
     1>d:\documents\visual studio 2010\projects\opencv2\opencv2\opencv2.cpp(13): error C2065: “imagename”: 未声明的标识符
     1>d:\documents\visual studio 2010\projects\opencv2\opencv2\opencv2.cpp(17): error C2065: “imagename”: 未声明的标识符
     1>d:\documents\visual studio 2010\projects\opencv2\opencv2\opencv2.cpp(24): error C2065: “return0”: 未声明的标识符
     1>已完成生成项目“D:\Documents\Visual Studio 2010\Projects\opencv2\opencv2\opencv2.vcxproj”(build 个目标)的操作 - 失败。

生成失败。

已用时间 00:00:02.06
